-------------------------------------------------------------------------------
Test set: someMath.RationalNumberTest
-------------------------------------------------------------------------------
Tests run: 3, Failures: 1, Errors: 0, Skipped: 0, Time elapsed: 0.033 s <<< FAILURE! - in someMath.RationalNumberTest
testRN  Time elapsed: 0.013 s  <<< FAILURE!
java.lang.AssertionError
	at someMath.RationalNumberTest.testRN(RationalNumberTest.java:82)

